Traceback (most recent call last):
  File "/usr/local/lib/python3.9/site-packages/jupyter_cache/executors/utils.py", line 51, in single_nb_execution
    executenb(
  File "/usr/local/lib/python3.9/site-packages/nbclient/client.py", line 1112, in execute
    return NotebookClient(nb=nb, resources=resources, km=km, **kwargs).execute()
  File "/usr/local/lib/python3.9/site-packages/nbclient/util.py", line 74, in wrapped
    return just_run(coro(*args, **kwargs))
  File "/usr/local/lib/python3.9/site-packages/nbclient/util.py", line 53, in just_run
    return loop.run_until_complete(coro)
  File "/usr/local/Cellar/python@3.9/3.9.5/Frameworks/Python.framework/Versions/3.9/lib/python3.9/asyncio/base_events.py", line 642, in run_until_complete
    return future.result()
  File "/usr/local/lib/python3.9/site-packages/nbclient/client.py", line 553, in async_execute
    await self.async_execute_cell(
  File "/usr/local/lib/python3.9/site-packages/nbclient/client.py", line 857, in async_execute_cell
    self._check_raise_for_error(cell, exec_reply)
  File "/usr/local/lib/python3.9/site-packages/nbclient/client.py", line 760, in _check_raise_for_error
    raise CellExecutionError.from_cell_and_msg(cell, exec_reply_content)
nbclient.exceptions.CellExecutionError: An error occurred while executing the following cell:
------------------
graphs.CompleteBipartiteGraph(n,m).show(figsize=3,title='K%s,%s:' %(3,4))
graphs.CompleteBipartiteGraph(n,m).show(figsize=4,title='K%s,%s:' %(5,7))
------------------

[0;31m---------------------------------------------------------------------------[0m
[0;31mNameError[0m                                 Traceback (most recent call last)
[0;32m<ipython-input-6-89759c8df962>[0m in [0;36m<module>[0;34m[0m
[0;32m----> 1[0;31m [0mgraphs[0m[0;34m.[0m[0mCompleteBipartiteGraph[0m[0;34m([0m[0mn[0m[0;34m,[0m[0mm[0m[0;34m)[0m[0;34m.[0m[0mshow[0m[0;34m([0m[0mfigsize[0m[0;34m=[0m[0mInteger[0m[0;34m([0m[0;36m3[0m[0;34m)[0m[0;34m,[0m[0mtitle[0m[0;34m=[0m[0;34m'K%s,%s:'[0m [0;34m%[0m[0;34m([0m[0mInteger[0m[0;34m([0m[0;36m3[0m[0;34m)[0m[0;34m,[0m[0mInteger[0m[0;34m([0m[0;36m4[0m[0;34m)[0m[0;34m)[0m[0;34m)[0m[0;34m[0m[0;34m[0m[0m
[0m[1;32m      2[0m [0mgraphs[0m[0;34m.[0m[0mCompleteBipartiteGraph[0m[0;34m([0m[0mn[0m[0;34m,[0m[0mm[0m[0;34m)[0m[0;34m.[0m[0mshow[0m[0;34m([0m[0mfigsize[0m[0;34m=[0m[0mInteger[0m[0;34m([0m[0;36m4[0m[0;34m)[0m[0;34m,[0m[0mtitle[0m[0;34m=[0m[0;34m'K%s,%s:'[0m [0;34m%[0m[0;34m([0m[0mInteger[0m[0;34m([0m[0;36m5[0m[0;34m)[0m[0;34m,[0m[0mInteger[0m[0;34m([0m[0;36m7[0m[0;34m)[0m[0;34m)[0m[0;34m)[0m[0;34m[0m[0;34m[0m[0m

[0;31mNameError[0m: name 'm' is not defined
NameError: name 'm' is not defined

